./test/net-events.tap.js creating Context in ns:net active:null
created Context in ns:net context:{ _ns_name: 'net' }
ENTER net uid:-1 context: { _ns_name: 'net' }
before run: { _ns_name: 'net' }
setting key:test=originalValue in ns:net uid:-1 active:{ _ns_name: 'net' }
creating Context in ns:net active:{ _ns_name: 'net', test: 'originalValue' }
created Context in ns:net context:{ _ns_name: 'net' }
ENTER net uid:-1 context: { _ns_name: 'net' }
before run: { _ns_name: 'net' }
setting key:test=newContextValue in ns:net uid:-1 active:{ _ns_name: 'net' }
INIT ns:net uid:22 parent:null provider:TCPWRAP context:{ _ns_name: 'net', test: 'newContextValue' } active:{ _ns_name: 'net', test: 'newContextValue' }
INIT ns:net uid:-7 parent:null provider:NONE context:{ _ns_name: 'net', test: 'newContextValue' } active:{ _ns_name: 'net', test: 'newContextValue' }
after run: { _ns_name: 'net', test: 'newContextValue' }
EXIT net uid:-7 context: { _ns_name: 'net', test: 'newContextValue' }
after run: { _ns_name: 'net', test: 'originalValue' }
EXIT net uid:-7 context: { _ns_name: 'net', test: 'originalValue' }
PRE MISSING CONTEXT net uid:-1 handle:NextTickWrap
POST MISSING CONTEXT net uid:-1 handle:NextTickWrap
DESTROY net uid:-1 context:undefined active:null
PRE MISSING CONTEXT net uid:-2 handle:NextTickWrap
POST MISSING CONTEXT net uid:-2 handle:NextTickWrap
DESTROY net uid:-2 context:undefined active:null
PRE MISSING CONTEXT net uid:-3 handle:NextTickWrap
POST MISSING CONTEXT net uid:-3 handle:NextTickWrap
DESTROY net uid:-3 context:undefined active:null
PRE MISSING CONTEXT net uid:-4 handle:NextTickWrap
POST MISSING CONTEXT net uid:-4 handle:NextTickWrap
DESTROY net uid:-4 context:undefined active:null
PRE MISSING CONTEXT net uid:-5 handle:NextTickWrap
POST MISSING CONTEXT net uid:-5 handle:NextTickWrap
DESTROY net uid:-5 context:undefined active:null
PRE MISSING CONTEXT net uid:-6 handle:NextTickWrap
POST MISSING CONTEXT net uid:-6 handle:NextTickWrap
DESTROY net uid:-6 context:undefined active:null
ENTER net uid:-7 context: { _ns_name: 'net', test: 'newContextValue' }
PRE net uid:-7 entryPoint:NextTickWrap context:{ _ns_name: 'net', test: 'newContextValue' }
creating Context in ns:net active:{ _ns_name: 'net', test: 'newContextValue' }
created Context in ns:net context:{ _ns_name: 'net' }
ENTER net uid:-7 context: { _ns_name: 'net' }
before run: { _ns_name: 'net' }
setting key:test=MONKEY in ns:net uid:-7 active:{ _ns_name: 'net' }
INIT ns:net uid:23 parent:null provider:TCPWRAP context:{ _ns_name: 'net', test: 'MONKEY' } active:{ _ns_name: 'net', test: 'MONKEY' }
INIT ns:net uid:24 parent:null provider:GETADDRINFOREQWRAP context:{ _ns_name: 'net', test: 'MONKEY' } active:{ _ns_name: 'net', test: 'MONKEY' }
after run: { _ns_name: 'net', test: 'MONKEY' }
EXIT net uid:24 context: { _ns_name: 'net', test: 'MONKEY' }
EXIT net uid:-7 context: { _ns_name: 'net', test: 'newContextValue' }
POST net uid:-7 handle:NextTickWrap context:{ _ns_name: 'net', test: 'newContextValue' }
DESTROY net uid:-7 context:undefined active:null
ENTER net uid:24 context: { _ns_name: 'net', test: 'MONKEY' }
PRE net uid:24 entryPoint:GetAddrInfoReqWrap context:{ _ns_name: 'net', test: 'MONKEY' }
INIT ns:net uid:25 parent:null provider:TCPCONNECTWRAP context:{ _ns_name: 'net', test: 'MONKEY' } active:{ _ns_name: 'net', test: 'MONKEY' }
EXIT net uid:24 context: { _ns_name: 'net', test: 'MONKEY' }
POST net uid:24 handle:GetAddrInfoReqWrap context:{ _ns_name: 'net', test: 'MONKEY' }
DESTROY net uid:24 context:undefined active:null
INIT ns:net uid:26 parent:22 provider:TCPWRAP context:null active:null
PARENTID: net uid:26 parent:22 provider:15
PRE MISSING CONTEXT net uid:22 handle:TCP
INIT ns:net uid:-8 parent:null provider:NONE context:null active:null
INIT ns:net uid:-9 parent:null provider:NONE context:null active:null
INIT ns:net uid:-10 parent:null provider:NONE context:null active:null
INIT ns:net uid:-11 parent:null provider:NONE context:null active:null
INIT ns:net uid:-12 parent:null provider:NONE context:null active:null
INIT ns:net uid:-13 parent:null provider:NONE context:null active:null
INIT ns:net uid:-14 parent:null provider:NONE context:null active:null
INIT ns:net uid:-15 parent:null provider:NONE context:null active:null
INIT ns:net uid:-16 parent:null provider:NONE context:null active:null
INIT ns:net uid:-17 parent:null provider:NONE context:null active:null
INIT ns:net uid:-18 parent:null provider:NONE context:null active:null
INIT ns:net uid:-19 parent:null provider:NONE context:null active:null
INIT ns:net uid:-20 parent:null provider:NONE context:null active:null
INIT ns:net uid:-21 parent:null provider:NONE context:null active:null
INIT ns:net uid:-22 parent:null provider:NONE context:null active:null
INIT ns:net uid:-23 parent:null provider:NONE context:null active:null
.INIT ns:net uid:-24 parent:null provider:NONE context:null active:null
INIT ns:net uid:-25 parent:null provider:NONE context:null active:null
INIT ns:net uid:-26 parent:null provider:NONE context:null active:null
POST MISSING CONTEXT net uid:22 handle:TCP
PRE MISSING CONTEXT net uid:-8 handle:NextTickWrap
POST MISSING CONTEXT net uid:-8 handle:NextTickWrap
DESTROY net uid:-8 context:undefined active:null
PRE MISSING CONTEXT net uid:-9 handle:NextTickWrap
POST MISSING CONTEXT net uid:-9 handle:NextTickWrap
DESTROY net uid:-9 context:undefined active:null
PRE MISSING CONTEXT net uid:-10 handle:NextTickWrap
POST MISSING CONTEXT net uid:-10 handle:NextTickWrap
DESTROY net uid:-10 context:undefined active:null
PRE MISSING CONTEXT net uid:-11 handle:NextTickWrap
POST MISSING CONTEXT net uid:-11 handle:NextTickWrap
DESTROY net uid:-11 context:undefined active:null
PRE MISSING CONTEXT net uid:-12 handle:NextTickWrap
POST MISSING CONTEXT net uid:-12 handle:NextTickWrap
DESTROY net uid:-12 context:undefined active:null
PRE MISSING CONTEXT net uid:-13 handle:NextTickWrap
POST MISSING CONTEXT net uid:-13 handle:NextTickWrap
DESTROY net uid:-13 context:undefined active:null
PRE MISSING CONTEXT net uid:-14 handle:NextTickWrap
POST MISSING CONTEXT net uid:-14 handle:NextTickWrap
DESTROY net uid:-14 context:undefined active:null
PRE MISSING CONTEXT net uid:-15 handle:NextTickWrap
POST MISSING CONTEXT net uid:-15 handle:NextTickWrap
DESTROY net uid:-15 context:undefined active:null
PRE MISSING CONTEXT net uid:-16 handle:NextTickWrap
POST MISSING CONTEXT net uid:-16 handle:NextTickWrap
DESTROY net uid:-16 context:undefined active:null
PRE MISSING CONTEXT net uid:-17 handle:NextTickWrap
POST MISSING CONTEXT net uid:-17 handle:NextTickWrap
DESTROY net uid:-17 context:undefined active:null
PRE MISSING CONTEXT net uid:-18 handle:NextTickWrap
POST MISSING CONTEXT net uid:-18 handle:NextTickWrap
DESTROY net uid:-18 context:undefined active:null
PRE MISSING CONTEXT net uid:-19 handle:NextTickWrap
POST MISSING CONTEXT net uid:-19 handle:NextTickWrap
DESTROY net uid:-19 context:undefined active:null
PRE MISSING CONTEXT net uid:-20 handle:NextTickWrap
POST MISSING CONTEXT net uid:-20 handle:NextTickWrap
DESTROY net uid:-20 context:undefined active:null
PRE MISSING CONTEXT net uid:-21 handle:NextTickWrap
POST MISSING CONTEXT net uid:-21 handle:NextTickWrap
DESTROY net uid:-21 context:undefined active:null
PRE MISSING CONTEXT net uid:-22 handle:NextTickWrap
POST MISSING CONTEXT net uid:-22 handle:NextTickWrap
DESTROY net uid:-22 context:undefined active:null
PRE MISSING CONTEXT net uid:-23 handle:NextTickWrap
POST MISSING CONTEXT net uid:-23 handle:NextTickWrap
DESTROY net uid:-23 context:undefined active:null
PRE MISSING CONTEXT net uid:-24 handle:NextTickWrap
POST MISSING CONTEXT net uid:-24 handle:NextTickWrap
DESTROY net uid:-24 context:undefined active:null
PRE MISSING CONTEXT net uid:-25 handle:NextTickWrap
POST MISSING CONTEXT net uid:-25 handle:NextTickWrap
DESTROY net uid:-25 context:undefined active:null
PRE MISSING CONTEXT net uid:-26 handle:NextTickWrap
POST MISSING CONTEXT net uid:-26 handle:NextTickWrap
DESTROY net uid:-26 context:undefined active:null
ENTER net uid:25 context: { _ns_name: 'net', test: 'MONKEY' }
PRE net uid:25 entryPoint:TCPConnectWrap context:{ _ns_name: 'net', test: 'MONKEY' }
getting key:test=MONKEY in ns:net uid:25 active:{ _ns_name: 'net', test: 'MONKEY' }
INIT ns:net uid:-27 parent:null provider:NONE context:{ _ns_name: 'net', test: 'MONKEY' } active:{ _ns_name: 'net', test: 'MONKEY' }
INIT ns:net uid:-28 parent:null provider:NONE context:{ _ns_name: 'net', test: 'MONKEY' } active:{ _ns_name: 'net', test: 'MONKEY' }
INIT ns:net uid:-29 parent:null provider:NONE context:{ _ns_name: 'net', test: 'MONKEY' } active:{ _ns_name: 'net', test: 'MONKEY' }
INIT ns:net uid:-30 parent:null provider:NONE context:{ _ns_name: 'net', test: 'MONKEY' } active:{ _ns_name: 'net', test: 'MONKEY' }
INIT ns:net uid:-31 parent:null provider:NONE context:{ _ns_name: 'net', test: 'MONKEY' } active:{ _ns_name: 'net', test: 'MONKEY' }
EXIT net uid:25 context: { _ns_name: 'net', test: 'MONKEY' }
POST net uid:25 handle:TCPConnectWrap context:{ _ns_name: 'net', test: 'MONKEY' }
ENTER net uid:-27 context: { _ns_name: 'net', test: 'MONKEY' }
PRE net uid:-27 entryPoint:NextTickWrap context:{ _ns_name: 'net', test: 'MONKEY' }
EXIT net uid:-27 context: { _ns_name: 'net', test: 'MONKEY' }
POST net uid:-27 handle:NextTickWrap context:{ _ns_name: 'net', test: 'MONKEY' }
DESTROY net uid:-27 context:undefined active:null
ENTER net uid:-28 context: { _ns_name: 'net', test: 'MONKEY' }
PRE net uid:-28 entryPoint:NextTickWrap context:{ _ns_name: 'net', test: 'MONKEY' }
EXIT net uid:-28 context: { _ns_name: 'net', test: 'MONKEY' }
POST net uid:-28 handle:NextTickWrap context:{ _ns_name: 'net', test: 'MONKEY' }
DESTROY net uid:-28 context:undefined active:null
ENTER net uid:-29 context: { _ns_name: 'net', test: 'MONKEY' }
PRE net uid:-29 entryPoint:NextTickWrap context:{ _ns_name: 'net', test: 'MONKEY' }
EXIT net uid:-29 context: { _ns_name: 'net', test: 'MONKEY' }
POST net uid:-29 handle:NextTickWrap context:{ _ns_name: 'net', test: 'MONKEY' }
DESTROY net uid:-29 context:undefined active:null
ENTER net uid:-30 context: { _ns_name: 'net', test: 'MONKEY' }
PRE net uid:-30 entryPoint:NextTickWrap context:{ _ns_name: 'net', test: 'MONKEY' }
EXIT net uid:-30 context: { _ns_name: 'net', test: 'MONKEY' }
POST net uid:-30 handle:NextTickWrap context:{ _ns_name: 'net', test: 'MONKEY' }
DESTROY net uid:-30 context:undefined active:null
ENTER net uid:-31 context: { _ns_name: 'net', test: 'MONKEY' }
PRE net uid:-31 entryPoint:NextTickWrap context:{ _ns_name: 'net', test: 'MONKEY' }
EXIT net uid:-31 context: { _ns_name: 'net', test: 'MONKEY' }
POST net uid:-31 handle:NextTickWrap context:{ _ns_name: 'net', test: 'MONKEY' }
DESTROY net uid:-31 context:undefined active:null
DESTROY net uid:25 context:undefined active:null
PRE MISSING CONTEXT net uid:26 handle:TCP
INIT ns:net uid:-32 parent:null provider:NONE context:null active:null
INIT ns:net uid:-33 parent:null provider:NONE context:null active:null
INIT ns:net uid:-34 parent:null provider:NONE context:null active:null
INIT ns:net uid:-35 parent:null provider:NONE context:null active:null
INIT ns:net uid:-36 parent:null provider:NONE context:null active:null
INIT ns:net uid:-37 parent:null provider:NONE context:null active:null
.INIT ns:net uid:-38 parent:null provider:NONE context:null active:null
INIT ns:net uid:-39 parent:null provider:NONE context:null active:null
INIT ns:net uid:-40 parent:null provider:NONE context:null active:null
INIT ns:net uid:-41 parent:null provider:NONE context:null active:null
INIT ns:net uid:-42 parent:null provider:NONE context:null active:null
INIT ns:net uid:-43 parent:null provider:NONE context:null active:null
INIT ns:net uid:-44 parent:null provider:NONE context:null active:null
INIT ns:net uid:-45 parent:null provider:NONE context:null active:null
INIT ns:net uid:-46 parent:null provider:NONE context:null active:null
INIT ns:net uid:-47 parent:null provider:NONE context:null active:null
INIT ns:net uid:-48 parent:null provider:NONE context:null active:null
INIT ns:net uid:-49 parent:null provider:NONE context:null active:null
INIT ns:net uid:-50 parent:null provider:NONE context:null active:null
INIT ns:net uid:-51 parent:null provider:NONE context:null active:null
INIT ns:net uid:-52 parent:null provider:NONE context:null active:null
.INIT ns:net uid:-53 parent:null provider:NONE context:null active:null
POST MISSING CONTEXT net uid:26 handle:TCP
PRE MISSING CONTEXT net uid:-32 handle:NextTickWrap
POST MISSING CONTEXT net uid:-32 handle:NextTickWrap
DESTROY net uid:-32 context:undefined active:null
PRE MISSING CONTEXT net uid:-33 handle:NextTickWrap
POST MISSING CONTEXT net uid:-33 handle:NextTickWrap
DESTROY net uid:-33 context:undefined active:null
PRE MISSING CONTEXT net uid:-34 handle:NextTickWrap
POST MISSING CONTEXT net uid:-34 handle:NextTickWrap
DESTROY net uid:-34 context:undefined active:null
PRE MISSING CONTEXT net uid:-35 handle:NextTickWrap
POST MISSING CONTEXT net uid:-35 handle:NextTickWrap
DESTROY net uid:-35 context:undefined active:null
PRE MISSING CONTEXT net uid:-36 handle:NextTickWrap
POST MISSING CONTEXT net uid:-36 handle:NextTickWrap
DESTROY net uid:-36 context:undefined active:null
PRE MISSING CONTEXT net uid:-37 handle:NextTickWrap
POST MISSING CONTEXT net uid:-37 handle:NextTickWrap
DESTROY net uid:-37 context:undefined active:null
PRE MISSING CONTEXT net uid:-38 handle:NextTickWrap
POST MISSING CONTEXT net uid:-38 handle:NextTickWrap
DESTROY net uid:-38 context:undefined active:null
PRE MISSING CONTEXT net uid:-39 handle:NextTickWrap
POST MISSING CONTEXT net uid:-39 handle:NextTickWrap
DESTROY net uid:-39 context:undefined active:null
PRE MISSING CONTEXT net uid:-40 handle:NextTickWrap
POST MISSING CONTEXT net uid:-40 handle:NextTickWrap
DESTROY net uid:-40 context:undefined active:null
PRE MISSING CONTEXT net uid:-41 handle:NextTickWrap
POST MISSING CONTEXT net uid:-41 handle:NextTickWrap
DESTROY net uid:-41 context:undefined active:null
PRE MISSING CONTEXT net uid:-42 handle:NextTickWrap
POST MISSING CONTEXT net uid:-42 handle:NextTickWrap
DESTROY net uid:-42 context:undefined active:null
PRE MISSING CONTEXT net uid:-43 handle:NextTickWrap
POST MISSING CONTEXT net uid:-43 handle:NextTickWrap
DESTROY net uid:-43 context:undefined active:null
PRE MISSING CONTEXT net uid:-44 handle:NextTickWrap
POST MISSING CONTEXT net uid:-44 handle:NextTickWrap
DESTROY net uid:-44 context:undefined active:null
PRE MISSING CONTEXT net uid:-45 handle:NextTickWrap
POST MISSING CONTEXT net uid:-45 handle:NextTickWrap
DESTROY net uid:-45 context:undefined active:null
PRE MISSING CONTEXT net uid:-46 handle:NextTickWrap
POST MISSING CONTEXT net uid:-46 handle:NextTickWrap
DESTROY net uid:-46 context:undefined active:null
PRE MISSING CONTEXT net uid:-47 handle:NextTickWrap
POST MISSING CONTEXT net uid:-47 handle:NextTickWrap
DESTROY net uid:-47 context:undefined active:null
PRE MISSING CONTEXT net uid:-48 handle:NextTickWrap
POST MISSING CONTEXT net uid:-48 handle:NextTickWrap
DESTROY net uid:-48 context:undefined active:null
PRE MISSING CONTEXT net uid:-49 handle:NextTickWrap
POST MISSING CONTEXT net uid:-49 handle:NextTickWrap
DESTROY net uid:-49 context:undefined active:null
PRE MISSING CONTEXT net uid:-50 handle:NextTickWrap
POST MISSING CONTEXT net uid:-50 handle:NextTickWrap
DESTROY net uid:-50 context:undefined active:null
PRE MISSING CONTEXT net uid:-51 handle:NextTickWrap
POST MISSING CONTEXT net uid:-51 handle:NextTickWrap
DESTROY net uid:-51 context:undefined active:null
PRE MISSING CONTEXT net uid:-52 handle:NextTickWrap
INIT ns:net uid:27 parent:null provider:SHUTDOWNWRAP context:null active:null
POST MISSING CONTEXT net uid:-52 handle:NextTickWrap
DESTROY net uid:-52 context:undefined active:null
PRE MISSING CONTEXT net uid:-53 handle:NextTickWrap
POST MISSING CONTEXT net uid:-53 handle:NextTickWrap
DESTROY net uid:-53 context:undefined active:null
DESTROY net uid:22 context:undefined active:null
PRE MISSING CONTEXT net uid:27 handle:ShutdownWrap
POST MISSING CONTEXT net uid:27 handle:ShutdownWrap
DESTROY net uid:27 context:undefined active:null
ENTER net uid:23 context: { _ns_name: 'net', test: 'MONKEY' }
PRE net uid:23 entryPoint:TCP context:{ _ns_name: 'net', test: 'MONKEY' }
getting key:test=MONKEY in ns:net uid:23 active:{ _ns_name: 'net', test: 'MONKEY' }
INIT ns:net uid:-54 parent:null provider:NONE context:{ _ns_name: 'net', test: 'MONKEY' } active:{ _ns_name: 'net', test: 'MONKEY' }
INIT ns:net uid:-55 parent:null provider:NONE context:{ _ns_name: 'net', test: 'MONKEY' } active:{ _ns_name: 'net', test: 'MONKEY' }
INIT ns:net uid:-56 parent:null provider:NONE context:{ _ns_name: 'net', test: 'MONKEY' } active:{ _ns_name: 'net', test: 'MONKEY' }
INIT ns:net uid:-57 parent:null provider:NONE context:{ _ns_name: 'net', test: 'MONKEY' } active:{ _ns_name: 'net', test: 'MONKEY' }
INIT ns:net uid:-58 parent:null provider:NONE context:{ _ns_name: 'net', test: 'MONKEY' } active:{ _ns_name: 'net', test: 'MONKEY' }
.INIT ns:net uid:-59 parent:null provider:NONE context:{ _ns_name: 'net', test: 'MONKEY' } active:{ _ns_name: 'net', test: 'MONKEY' }
INIT ns:net uid:-60 parent:null provider:NONE context:{ _ns_name: 'net', test: 'MONKEY' } active:{ _ns_name: 'net', test: 'MONKEY' }
INIT ns:net uid:-61 parent:null provider:NONE context:{ _ns_name: 'net', test: 'MONKEY' } active:{ _ns_name: 'net', test: 'MONKEY' }
INIT ns:net uid:-62 parent:null provider:NONE context:{ _ns_name: 'net', test: 'MONKEY' } active:{ _ns_name: 'net', test: 'MONKEY' }
EXIT net uid:23 context: { _ns_name: 'net', test: 'MONKEY' }
POST net uid:23 handle:TCP context:{ _ns_name: 'net', test: 'MONKEY' }
ENTER net uid:-54 context: { _ns_name: 'net', test: 'MONKEY' }
PRE net uid:-54 entryPoint:NextTickWrap context:{ _ns_name: 'net', test: 'MONKEY' }
EXIT net uid:-54 context: { _ns_name: 'net', test: 'MONKEY' }
POST net uid:-54 handle:NextTickWrap context:{ _ns_name: 'net', test: 'MONKEY' }
DESTROY net uid:-54 context:undefined active:null
ENTER net uid:-55 context: { _ns_name: 'net', test: 'MONKEY' }
PRE net uid:-55 entryPoint:NextTickWrap context:{ _ns_name: 'net', test: 'MONKEY' }
EXIT net uid:-55 context: { _ns_name: 'net', test: 'MONKEY' }
POST net uid:-55 handle:NextTickWrap context:{ _ns_name: 'net', test: 'MONKEY' }
DESTROY net uid:-55 context:undefined active:null
ENTER net uid:-56 context: { _ns_name: 'net', test: 'MONKEY' }
PRE net uid:-56 entryPoint:NextTickWrap context:{ _ns_name: 'net', test: 'MONKEY' }
EXIT net uid:-56 context: { _ns_name: 'net', test: 'MONKEY' }
POST net uid:-56 handle:NextTickWrap context:{ _ns_name: 'net', test: 'MONKEY' }
DESTROY net uid:-56 context:undefined active:null
ENTER net uid:-57 context: { _ns_name: 'net', test: 'MONKEY' }
PRE net uid:-57 entryPoint:NextTickWrap context:{ _ns_name: 'net', test: 'MONKEY' }
EXIT net uid:-57 context: { _ns_name: 'net', test: 'MONKEY' }
POST net uid:-57 handle:NextTickWrap context:{ _ns_name: 'net', test: 'MONKEY' }
DESTROY net uid:-57 context:undefined active:null
ENTER net uid:-58 context: { _ns_name: 'net', test: 'MONKEY' }
PRE net uid:-58 entryPoint:NextTickWrap context:{ _ns_name: 'net', test: 'MONKEY' }
EXIT net uid:-58 context: { _ns_name: 'net', test: 'MONKEY' }
POST net uid:-58 handle:NextTickWrap context:{ _ns_name: 'net', test: 'MONKEY' }
DESTROY net uid:-58 context:undefined active:null
ENTER net uid:-59 context: { _ns_name: 'net', test: 'MONKEY' }
PRE net uid:-59 entryPoint:NextTickWrap context:{ _ns_name: 'net', test: 'MONKEY' }
EXIT net uid:-59 context: { _ns_name: 'net', test: 'MONKEY' }
POST net uid:-59 handle:NextTickWrap context:{ _ns_name: 'net', test: 'MONKEY' }
DESTROY net uid:-59 context:undefined active:null
ENTER net uid:-60 context: { _ns_name: 'net', test: 'MONKEY' }
PRE net uid:-60 entryPoint:NextTickWrap context:{ _ns_name: 'net', test: 'MONKEY' }
EXIT net uid:-60 context: { _ns_name: 'net', test: 'MONKEY' }
POST net uid:-60 handle:NextTickWrap context:{ _ns_name: 'net', test: 'MONKEY' }
DESTROY net uid:-60 context:undefined active:null
ENTER net uid:-61 context: { _ns_name: 'net', test: 'MONKEY' }
PRE net uid:-61 entryPoint:NextTickWrap context:{ _ns_name: 'net', test: 'MONKEY' }
EXIT net uid:-61 context: { _ns_name: 'net', test: 'MONKEY' }
POST net uid:-61 handle:NextTickWrap context:{ _ns_name: 'net', test: 'MONKEY' }
DESTROY net uid:-61 context:undefined active:null
ENTER net uid:-62 context: { _ns_name: 'net', test: 'MONKEY' }
PRE net uid:-62 entryPoint:NextTickWrap context:{ _ns_name: 'net', test: 'MONKEY' }
EXIT net uid:-62 context: { _ns_name: 'net', test: 'MONKEY' }
POST net uid:-62 handle:NextTickWrap context:{ _ns_name: 'net', test: 'MONKEY' }
DESTROY net uid:-62 context:undefined active:null
ENTER net uid:23 context: { _ns_name: 'net', test: 'MONKEY' }
PRE net uid:23 entryPoint:TCP context:{ _ns_name: 'net', test: 'MONKEY' }
INIT ns:net uid:-63 parent:null provider:NONE context:{ _ns_name: 'net', test: 'MONKEY' } active:{ _ns_name: 'net', test: 'MONKEY' }
INIT ns:net uid:-64 parent:null provider:NONE context:{ _ns_name: 'net', test: 'MONKEY' } active:{ _ns_name: 'net', test: 'MONKEY' }
EXIT net uid:23 context: { _ns_name: 'net', test: 'MONKEY' }
POST net uid:23 handle:TCP context:{ _ns_name: 'net', test: 'MONKEY' }
ENTER net uid:-63 context: { _ns_name: 'net', test: 'MONKEY' }
PRE net uid:-63 entryPoint:NextTickWrap context:{ _ns_name: 'net', test: 'MONKEY' }
EXIT net uid:-63 context: { _ns_name: 'net', test: 'MONKEY' }
POST net uid:-63 handle:NextTickWrap context:{ _ns_name: 'net', test: 'MONKEY' }
DESTROY net uid:-63 context:undefined active:null
ENTER net uid:-64 context: { _ns_name: 'net', test: 'MONKEY' }
PRE net uid:-64 entryPoint:NextTickWrap context:{ _ns_name: 'net', test: 'MONKEY' }
EXIT net uid:-64 context: { _ns_name: 'net', test: 'MONKEY' }
POST net uid:-64 handle:NextTickWrap context:{ _ns_name: 'net', test: 'MONKEY' }
DESTROY net uid:-64 context:undefined active:null
ENTER net uid:23 context: { _ns_name: 'net', test: 'MONKEY' }
PRE net uid:23 entryPoint:TCP context:{ _ns_name: 'net', test: 'MONKEY' }
EXIT net uid:23 context: { _ns_name: 'net', test: 'MONKEY' }
POST net uid:23 handle:TCP context:{ _ns_name: 'net', test: 'MONKEY' }
DESTROY net uid:23 context:undefined active:null
PRE MISSING CONTEXT net uid:26 handle:TCP
INIT ns:net uid:-65 parent:null provider:NONE context:null active:null
INIT ns:net uid:-66 parent:null provider:NONE context:null active:null
INIT ns:net uid:-67 parent:null provider:NONE context:null active:null
POST MISSING CONTEXT net uid:26 handle:TCP
PRE MISSING CONTEXT net uid:-65 handle:NextTickWrap
POST MISSING CONTEXT net uid:-65 handle:NextTickWrap
DESTROY net uid:-65 context:undefined active:null
PRE MISSING CONTEXT net uid:-66 handle:NextTickWrap
POST MISSING CONTEXT net uid:-66 handle:NextTickWrap
DESTROY net uid:-66 context:undefined active:null
PRE MISSING CONTEXT net uid:-67 handle:NextTickWrap
POST MISSING CONTEXT net uid:-67 handle:NextTickWrap
DESTROY net uid:-67 context:undefined active:null
PRE MISSING CONTEXT net uid:26 handle:TCP
POST MISSING CONTEXT net uid:26 handle:TCP
DESTROY net uid:26 context:undefined active:null
INIT ns:net uid:-68 parent:null provider:NONE context:null active:null
INIT ns:net uid:-69 parent:null provider:NONE context:null active:null
INIT ns:net uid:-70 parent:null provider:NONE context:null active:null
INIT ns:net uid:-71 parent:null provider:NONE context:null active:null
